<?xml version="1.0" encoding="UTF-8"?>
<!-- Generated by org.testng.reporters.JUnitXMLReporter -->
<testsuite ignored="0" hostname="DESKTOP-S344IQT" failures="0" tests="4" name="Test" time="23.085" errors="0" timestamp="2022-08-07T21:49:25 IST">
  <testcase classname="com.sauceDemo.TestPackage.TC01VerifyLoginFunctionality" name="verifyLogin" time="0.013"/>
  <testcase classname="com.sauceDemo.TestPackage.TC02VerifyLogoutFuctinality" name="verifyLogOut" time="0.206"/>
  <testcase classname="com.sauceDemo.TestPackage.TC03VerifyBagProductAddToCartFunctionality" name="bagProductAddToCart" time="0.118"/>
  <testcase classname="com.sauceDemo.TestPackage.TC04VerifyallAddToCartButtonFunctionality" name="allProductAddToCart" time="0.275"/>
</testsuite> <!-- Test -->
