<?xml version="1.0" encoding="UTF-8"?>
<testng-results ignored="0" total="4" passed="4" failed="0" skipped="0">
  <reporter-output>
  </reporter-output>
  <suite started-at="2022-08-07T21:49:02 IST" name="Suite" finished-at="2022-08-07T21:49:25 IST" duration-ms="23085">
    <groups>
    </groups>
    <test started-at="2022-08-07T21:49:02 IST" name="Test" finished-at="2022-08-07T21:49:25 IST" duration-ms="23085">
      <class name="com.sauceDemo.TestPackage.TC03VerifyBagProductAddToCartFunctionality">
        <test-method is-config="true" signature="setUp(java.lang.String)[pri:0, instance:com.sauceDemo.TestPackage.TC03VerifyBagProductAddToCartFunctionality@793be5ca]" started-at="2022-08-07T21:49:14 IST" name="setUp" finished-at="2022-08-07T21:49:20 IST" duration-ms="5676" status="PASS">
          <params>
            <param index="0">
              <value>
                <![CDATA[chrome]]>
              </value>
            </param>
          </params>
          <reporter-output>
          </reporter-output>
        </test-method> <!-- setUp -->
        <test-method signature="bagProductAddToCart()[pri:0, instance:com.sauceDemo.TestPackage.TC03VerifyBagProductAddToCartFunctionality@793be5ca]" started-at="2022-08-07T21:49:20 IST" name="bagProductAddToCart" finished-at="2022-08-07T21:49:20 IST" duration-ms="118" status="PASS">
          <reporter-output>
          </reporter-output>
        </test-method> <!-- bagProductAddToCart -->
        <test-method is-config="true" signature="tearDown()[pri:0, instance:com.sauceDemo.TestPackage.TC03VerifyBagProductAddToCartFunctionality@793be5ca]" started-at="2022-08-07T21:49:20 IST" name="tearDown" finished-at="2022-08-07T21:49:20 IST" duration-ms="128" status="PASS">
          <reporter-output>
          </reporter-output>
        </test-method> <!-- tearDown -->
      </class> <!-- com.sauceDemo.TestPackage.TC03VerifyBagProductAddToCartFunctionality -->
      <class name="com.sauceDemo.TestPackage.TC02VerifyLogoutFuctinality">
        <test-method is-config="true" signature="setUp(java.lang.String)[pri:0, instance:com.sauceDemo.TestPackage.TC02VerifyLogoutFuctinality@69997e9d]" started-at="2022-08-07T21:49:08 IST" name="setUp" finished-at="2022-08-07T21:49:14 IST" duration-ms="5545" status="PASS">
          <params>
            <param index="0">
              <value>
                <![CDATA[chrome]]>
              </value>
            </param>
          </params>
          <reporter-output>
          </reporter-output>
        </test-method> <!-- setUp -->
        <test-method signature="verifyLogOut()[pri:0, instance:com.sauceDemo.TestPackage.TC02VerifyLogoutFuctinality@69997e9d]" started-at="2022-08-07T21:49:14 IST" name="verifyLogOut" finished-at="2022-08-07T21:49:14 IST" duration-ms="206" status="PASS">
          <reporter-output>
          </reporter-output>
        </test-method> <!-- verifyLogOut -->
        <test-method is-config="true" signature="tearDown()[pri:0, instance:com.sauceDemo.TestPackage.TC02VerifyLogoutFuctinality@69997e9d]" started-at="2022-08-07T21:49:14 IST" name="tearDown" finished-at="2022-08-07T21:49:14 IST" duration-ms="146" status="PASS">
          <reporter-output>
          </reporter-output>
        </test-method> <!-- tearDown -->
      </class> <!-- com.sauceDemo.TestPackage.TC02VerifyLogoutFuctinality -->
      <class name="com.sauceDemo.TestPackage.TC04VerifyallAddToCartButtonFunctionality">
        <test-method is-config="true" signature="setUp(java.lang.String)[pri:0, instance:com.sauceDemo.TestPackage.TC04VerifyallAddToCartButtonFunctionality@2df9b86]" started-at="2022-08-07T21:49:20 IST" name="setUp" finished-at="2022-08-07T21:49:25 IST" duration-ms="4837" status="PASS">
          <params>
            <param index="0">
              <value>
                <![CDATA[chrome]]>
              </value>
            </param>
          </params>
          <reporter-output>
          </reporter-output>
        </test-method> <!-- setUp -->
        <test-method signature="allProductAddToCart()[pri:0, instance:com.sauceDemo.TestPackage.TC04VerifyallAddToCartButtonFunctionality@2df9b86]" started-at="2022-08-07T21:49:25 IST" name="allProductAddToCart" finished-at="2022-08-07T21:49:25 IST" duration-ms="275" status="PASS">
          <reporter-output>
          </reporter-output>
        </test-method> <!-- allProductAddToCart -->
        <test-method is-config="true" signature="tearDown()[pri:0, instance:com.sauceDemo.TestPackage.TC04VerifyallAddToCartButtonFunctionality@2df9b86]" started-at="2022-08-07T21:49:25 IST" name="tearDown" finished-at="2022-08-07T21:49:25 IST" duration-ms="120" status="PASS">
          <reporter-output>
          </reporter-output>
        </test-method> <!-- tearDown -->
      </class> <!-- com.sauceDemo.TestPackage.TC04VerifyallAddToCartButtonFunctionality -->
      <class name="com.sauceDemo.TestPackage.TC01VerifyLoginFunctionality">
        <test-method is-config="true" signature="setUp(java.lang.String)[pri:0, instance:com.sauceDemo.TestPackage.TC01VerifyLoginFunctionality@3d1cfad4]" started-at="2022-08-07T21:49:02 IST" name="setUp" finished-at="2022-08-07T21:49:08 IST" duration-ms="5856" status="PASS">
          <params>
            <param index="0">
              <value>
                <![CDATA[chrome]]>
              </value>
            </param>
          </params>
          <reporter-output>
          </reporter-output>
        </test-method> <!-- setUp -->
        <test-method signature="verifyLogin()[pri:0, instance:com.sauceDemo.TestPackage.TC01VerifyLoginFunctionality@3d1cfad4]" started-at="2022-08-07T21:49:08 IST" name="verifyLogin" finished-at="2022-08-07T21:49:08 IST" duration-ms="13" status="PASS">
          <reporter-output>
          </reporter-output>
        </test-method> <!-- verifyLogin -->
        <test-method is-config="true" signature="tearDown()[pri:0, instance:com.sauceDemo.TestPackage.TC01VerifyLoginFunctionality@3d1cfad4]" started-at="2022-08-07T21:49:08 IST" name="tearDown" finished-at="2022-08-07T21:49:08 IST" duration-ms="131" status="PASS">
          <reporter-output>
          </reporter-output>
        </test-method> <!-- tearDown -->
      </class> <!-- com.sauceDemo.TestPackage.TC01VerifyLoginFunctionality -->
    </test> <!-- Test -->
  </suite> <!-- Suite -->
</testng-results>
